<?xml version="1.0" encoding="UTF-8"?>
<!-- Generated by org.testng.reporters.JUnitXMLReporter -->
<testsuite ignored="0" hostname="LAPTOP-L8OSS77V" failures="0" tests="3" name="Default test" time="6.323" errors="0" timestamp="2021-06-23T20:01:22 IST">
  <testcase classname="tests.PUTPATCHDEL" name="TestDEL" time="4.81"/>
  <testcase classname="tests.PUTPATCHDEL" name="Testpatch" time="0.785"/>
  <testcase classname="tests.PUTPATCHDEL" name="Testput" time="0.603"/>
</testsuite> <!-- Default test -->
