<?xml version="1.0" encoding="UTF-8"?>
<testng-results ignored="0" total="3" passed="3" failed="0" skipped="0">
  <reporter-output>
  </reporter-output>
  <suite started-at="2021-06-23T20:01:16 IST" name="Default suite" finished-at="2021-06-23T20:01:22 IST" duration-ms="6323">
    <groups>
    </groups>
    <test started-at="2021-06-23T20:01:16 IST" name="Default test" finished-at="2021-06-23T20:01:22 IST" duration-ms="6323">
      <class name="tests.PUTPATCHDEL">
        <test-method signature="TestDEL()[pri:0, instance:tests.PUTPATCHDEL@5136d012]" started-at="2021-06-23T20:01:16 IST" name="TestDEL" finished-at="2021-06-23T20:01:21 IST" duration-ms="4810" status="PASS">
          <reporter-output>
          </reporter-output>
        </test-method> <!-- TestDEL -->
        <test-method signature="Testpatch()[pri:0, instance:tests.PUTPATCHDEL@5136d012]" started-at="2021-06-23T20:01:21 IST" name="Testpatch" finished-at="2021-06-23T20:01:22 IST" duration-ms="785" status="PASS">
          <reporter-output>
          </reporter-output>
        </test-method> <!-- Testpatch -->
        <test-method signature="Testput()[pri:0, instance:tests.PUTPATCHDEL@5136d012]" started-at="2021-06-23T20:01:22 IST" name="Testput" finished-at="2021-06-23T20:01:22 IST" duration-ms="603" status="PASS">
          <reporter-output>
          </reporter-output>
        </test-method> <!-- Testput -->
      </class> <!-- tests.PUTPATCHDEL -->
    </test> <!-- Default test -->
  </suite> <!-- Default suite -->
</testng-results>
